<?xml version="1.0" encoding="UTF-8"?>
<testsuite xmlns:xsi="http://www.w3.org/2001/XMLSchema-instance" xsi:noNamespaceSchemaLocation="https://maven.apache.org/surefire/maven-surefire-plugin/xsd/surefire-test-report-3.0.xsd" version="3.0" name="tests.LoginTest" time="14.856" tests="1" errors="0" skipped="0" failures="0">
  <properties>
[...]
</properties>
  <testcase name="testValidLogin" classname="tests.LoginTest" time="7.757">
    <system-out><![CDATA[2025-04-15T05:21:21.686222100Z main INFO Starting configuration XmlConfiguration[location=E:\Java\eclipse-workspace\selenium-maven-framework\target\classes\log4j2.xml, lastModified=2025-04-14T15:41:46.770Z]...
2025-04-15T05:21:21.687216100Z main INFO Start watching for changes to E:\Java\eclipse-workspace\selenium-maven-framework\target\classes\log4j2.xml every 0 seconds
2025-04-15T05:21:21.688217100Z main INFO Configuration XmlConfiguration[location=E:\Java\eclipse-workspace\selenium-maven-framework\target\classes\log4j2.xml, lastModified=2025-04-14T15:41:46.770Z] started.
2025-04-15T05:21:21.691221600Z main INFO Stopping configuration org.apache.logging.log4j.core.config.DefaultConfiguration@5276d6ee...
2025-04-15T05:21:21.691221600Z main INFO Configuration org.apache.logging.log4j.core.config.DefaultConfiguration@5276d6ee stopped.
2025-04-15 10:51:21 [main] INFO  Log - Setting up WebDriver...
2025-04-15 10:51:25 [main] INFO  Log - Navigate to test URL...
2025-04-15 10:51:27 [main] INFO  Log - Starting login test...
2025-04-15 10:51:27 [main] INFO  Log - Entering username and password.
2025-04-15 10:51:32 [main] INFO  Log - Clicking login button.
Title of page: Just a moment...
2025-04-15 10:51:35 [main] INFO  Log - Verifying page title...
2025-04-15 10:51:35 [main] INFO  Log - Login test completed.
]]></system-out>
    <system-err><![CDATA[SLF4J(W): No SLF4J providers were found.
SLF4J(W): Defaulting to no-operation (NOP) logger implementation
SLF4J(W): See https://www.slf4j.org/codes.html#noProviders for further details.
]]></system-err>
  </testcase>
</testsuite>