<?xml version="1.0" encoding="UTF-8"?>
<testng-results ignored="1" total="2" passed="1" failed="0" skipped="0">
  <reporter-output>
  </reporter-output>
  <suite started-at="2025-04-15T17:33:13 IST" name="LoginSuite" finished-at="2025-04-15T17:33:22 IST" duration-ms="9022">
    <groups>
    </groups>
    <test started-at="2025-04-15T17:33:13 IST" name="LoginTests" finished-at="2025-04-15T17:33:22 IST" duration-ms="9022">
      <class name="tests.LoginTest">
        <test-method is-config="true" signature="setupReport()[pri:0, instance:tests.LoginTest@3b0090a4]" started-at="2025-04-15T17:33:13 IST" name="setupReport" finished-at="2025-04-15T17:33:13 IST" duration-ms="180" status="PASS">
          <reporter-output>
          </reporter-output>
        </test-method> <!-- setupReport -->
        <test-method is-config="true" signature="setUp()[pri:0, instance:tests.LoginTest@3b0090a4]" started-at="2025-04-15T17:33:13 IST" name="setUp" finished-at="2025-04-15T17:33:17 IST" duration-ms="3843" status="PASS">
          <reporter-output>
          </reporter-output>
        </test-method> <!-- setUp -->
        <test-method signature="testValidLogin(java.lang.String,java.lang.String)[pri:0, instance:tests.LoginTest@3b0090a4]" started-at="2025-04-15T17:33:17 IST" name="testValidLogin" finished-at="2025-04-15T17:33:22 IST" duration-ms="4958" status="PASS">
          <params>
            <param index="0">
              <value>
                <![CDATA[admin@yourstore.com]]>
              </value>
            </param>
            <param index="1">
              <value>
                <![CDATA[admin]]>
              </value>
            </param>
          </params>
          <reporter-output>
          </reporter-output>
        </test-method> <!-- testValidLogin -->
        <test-method is-config="true" signature="tearDown(org.testng.ITestResult)[pri:0, instance:tests.LoginTest@3b0090a4]" started-at="2025-04-15T17:33:22 IST" name="tearDown" finished-at="2025-04-15T17:33:22 IST" duration-ms="182" status="PASS">
          <params>
            <param index="0">
              <value>
                <![CDATA[[TestResult name=testValidLogin status=SUCCESS method=LoginTest.testValidLogin(java.lang.String,java.lang.String)[pri:0, instance:tests.LoginTest@3b0090a4] output={null}]]]>
              </value>
            </param>
          </params>
          <reporter-output>
          </reporter-output>
        </test-method> <!-- tearDown -->
        <test-method is-config="true" signature="teardownReport()[pri:0, instance:tests.LoginTest@3b0090a4]" started-at="2025-04-15T17:33:22 IST" name="teardownReport" finished-at="2025-04-15T17:33:23 IST" duration-ms="514" status="PASS">
          <reporter-output>
          </reporter-output>
        </test-method> <!-- teardownReport -->
      </class> <!-- tests.LoginTest -->
    </test> <!-- LoginTests -->
  </suite> <!-- LoginSuite -->
</testng-results>
